              :-) GROMACS - gmx mdrun, 2021.5-EasyBuild-4.7.0 (-:

                            GROMACS is written by:
     Andrey Alekseenko              Emile Apol              Rossen Apostolov     
         Paul Bauer           Herman J.C. Berendsen           Par Bjelkmar       
       Christian Blau           Viacheslav Bolnykh             Kevin Boyd        
     Aldert van Buuren           Rudi van Drunen             Anton Feenstra      
    Gilles Gouaillardet             Alan Gray               Gerrit Groenhof      
       Anca Hamuraru            Vincent Hindriksen          M. Eric Irrgang      
      Aleksei Iupinov           Christoph Junghans             Joe Jordan        
    Dimitrios Karkoulis            Peter Kasson                Jiri Kraus        
      Carsten Kutzner              Per Larsson              Justin A. Lemkul     
       Viveca Lindahl            Magnus Lundborg             Erik Marklund       
        Pascal Merz             Pieter Meulenhoff            Teemu Murtola       
        Szilard Pall               Sander Pronk              Roland Schulz       
       Michael Shirts            Alexey Shvetsov             Alfons Sijbers      
       Peter Tieleman              Jon Vincent              Teemu Virolainen     
     Christian Wennberg            Maarten Wolf              Artem Zhmurov       
                           and the project leaders:
        Mark Abraham, Berk Hess, Erik Lindahl, and David van der Spoel

Copyright (c) 1991-2000, University of Groningen, The Netherlands.
Copyright (c) 2001-2019, The GROMACS development team at
Uppsala University, Stockholm University and
the Royal Institute of Technology, Sweden.
check out http://www.gromacs.org for more information.

GROMACS is free software; you can redistribute it and/or modify it
under the terms of the GNU Lesser General Public License
as published by the Free Software Foundation; either version 2.1
of the License, or (at your option) any later version.

GROMACS:      gmx mdrun, version 2021.5-EasyBuild-4.7.0
Executable:   /nvme/h/buildsets/eb_nepheli/software/GROMACS/2021.5-foss-2021b/bin/gmx
Data prefix:  /nvme/h/buildsets/eb_nepheli/software/GROMACS/2021.5-foss-2021b
Working dir:  /onyx/data/simea/nikolas/md/goodyear/unified_md_pipeline/usage_examples/add_small_molecules/cPI30--bare/CBSn3-DPGn2/buble
Process ID:   208921
Command line:
  gmx mdrun -s tp.tpr -ntmpi 32 -ntomp 1

GROMACS version:    2021.5-EasyBuild-4.7.0
Precision:          mixed
Memory model:       64 bit
MPI library:        thread_mpi
OpenMP support:     enabled (GMX_OPENMP_MAX_THREADS = 64)
GPU support:        disabled
SIMD instructions:  AVX2_256
FFT library:        fftw-3.3.10-sse2-avx-avx2-avx2_128
RDTSCP usage:       enabled
TNG support:        enabled
Hwloc support:      disabled
Tracing support:    disabled
C compiler:         /nvme/h/buildsets/eb_nepheli/software/OpenMPI/4.1.1-GCC-11.2.0/bin/mpicc GNU 11.2.0
C compiler flags:   -mavx2 -mfma -Wno-missing-field-initializers -fexcess-precision=fast -funroll-all-loops -O3 -DNDEBUG
C++ compiler:       /nvme/h/buildsets/eb_nepheli/software/OpenMPI/4.1.1-GCC-11.2.0/bin/mpicxx GNU 11.2.0
C++ compiler flags: -mavx2 -mfma -Wno-missing-field-initializers -fexcess-precision=fast -funroll-all-loops -fopenmp -O3 -DNDEBUG


Running on 1 node with total 128 cores, 128 logical cores
Hardware detected:
  CPU info:
    Vendor: AMD
    Brand:  AMD EPYC 7713 64-Core Processor                
    Family: 25   Model: 1   Stepping: 1
    Features: aes amd apic avx avx2 clfsh cmov cx8 cx16 f16c fma htt lahf misalignsse mmx msr nonstop_tsc pcid pclmuldq pdpe1gb popcnt pse rdrnd rdtscp sha sse2 sse3 sse4a sse4.1 sse4.2 ssse3 x2apic
  Hardware topology: Only logical processor count


++++ PLEASE READ AND CITE THE FOLLOWING REFERENCE ++++
M. J. Abraham, T. Murtola, R. Schulz, S. Páll, J. C. Smith, B. Hess, E.
Lindahl
GROMACS: High performance molecular simulations through multi-level
parallelism from laptops to supercomputers
SoftwareX 1 (2015) pp. 19-25
-------- -------- --- Thank You --- -------- --------


++++ PLEASE READ AND CITE THE FOLLOWING REFERENCE ++++
S. Páll, M. J. Abraham, C. Kutzner, B. Hess, E. Lindahl
Tackling Exascale Software Challenges in Molecular Dynamics Simulations with
GROMACS
In S. Markidis & E. Laure (Eds.), Solving Software Challenges for Exascale 8759 (2015) pp. 3-27
-------- -------- --- Thank You --- -------- --------


++++ PLEASE READ AND CITE THE FOLLOWING REFERENCE ++++
S. Pronk, S. Páll, R. Schulz, P. Larsson, P. Bjelkmar, R. Apostolov, M. R.
Shirts, J. C. Smith, P. M. Kasson, D. van der Spoel, B. Hess, and E. Lindahl
GROMACS 4.5: a high-throughput and highly parallel open source molecular
simulation toolkit
Bioinformatics 29 (2013) pp. 845-54
-------- -------- --- Thank You --- -------- --------


++++ PLEASE READ AND CITE THE FOLLOWING REFERENCE ++++
B. Hess and C. Kutzner and D. van der Spoel and E. Lindahl
GROMACS 4: Algorithms for highly efficient, load-balanced, and scalable
molecular simulation
J. Chem. Theory Comput. 4 (2008) pp. 435-447
-------- -------- --- Thank You --- -------- --------


++++ PLEASE READ AND CITE THE FOLLOWING REFERENCE ++++
D. van der Spoel, E. Lindahl, B. Hess, G. Groenhof, A. E. Mark and H. J. C.
Berendsen
GROMACS: Fast, Flexible and Free
J. Comp. Chem. 26 (2005) pp. 1701-1719
-------- -------- --- Thank You --- -------- --------


++++ PLEASE READ AND CITE THE FOLLOWING REFERENCE ++++
E. Lindahl and B. Hess and D. van der Spoel
GROMACS 3.0: A package for molecular simulation and trajectory analysis
J. Mol. Mod. 7 (2001) pp. 306-317
-------- -------- --- Thank You --- -------- --------


++++ PLEASE READ AND CITE THE FOLLOWING REFERENCE ++++
H. J. C. Berendsen, D. van der Spoel and R. van Drunen
GROMACS: A message-passing parallel molecular dynamics implementation
Comp. Phys. Comm. 91 (1995) pp. 43-56
-------- -------- --- Thank You --- -------- --------

Input Parameters:
   integrator                     = md
   tinit                          = 0
   dt                             = 0.0005
   nsteps                         = 3000
   init-step                      = 0
   simulation-part                = 1
   mts                            = false
   comm-mode                      = Linear
   nstcomm                        = 100000
   bd-fric                        = 0
   ld-seed                        = -1610727553
   emtol                          = 10
   emstep                         = 0.01
   niter                          = 20
   fcstep                         = 0
   nstcgsteep                     = 1000
   nbfgscorr                      = 10
   rtpi                           = 0.05
   nstxout                        = 500
   nstvout                        = 0
   nstfout                        = 0
   nstlog                         = 100
   nstcalcenergy                  = 100
   nstenergy                      = 500
   nstxout-compressed             = 0
   compressed-x-precision         = 1000
   cutoff-scheme                  = Verlet
   nstlist                        = 10
   pbc                            = xyz
   periodic-molecules             = true
   verlet-buffer-tolerance        = 0.001
   rlist                          = 2.01
   coulombtype                    = Reaction-Field
   coulomb-modifier               = Potential-shift
   rcoulomb-switch                = 0
   rcoulomb                       = 2
   epsilon-r                      = 1
   epsilon-rf                     = inf
   vdw-type                       = Cut-off
   vdw-modifier                   = Potential-shift
   rvdw-switch                    = 0
   rvdw                           = 2
   DispCorr                       = EnerPres
   table-extension                = 1
   fourierspacing                 = 0.24
   fourier-nx                     = 0
   fourier-ny                     = 0
   fourier-nz                     = 0
   pme-order                      = 4
   ewald-rtol                     = 0.001
   ewald-rtol-lj                  = 0.001
   lj-pme-comb-rule               = Geometric
   ewald-geometry                 = 0
   epsilon-surface                = 0
   tcoupl                         = V-rescale
   nsttcouple                     = 10
   nh-chain-length                = 0
   print-nose-hoover-chain-variables = false
   pcoupl                         = Berendsen
   pcoupltype                     = Isotropic
   nstpcouple                     = 1
   tau-p                          = 1
   compressibility (3x3):
      compressibility[    0]={ 2.50000e-05,  0.00000e+00,  0.00000e+00}
      compressibility[    1]={ 0.00000e+00,  2.50000e-05,  0.00000e+00}
      compressibility[    2]={ 0.00000e+00,  0.00000e+00,  2.50000e-05}
   ref-p (3x3):
      ref-p[    0]={ 1.01325e+00,  0.00000e+00,  0.00000e+00}
      ref-p[    1]={ 0.00000e+00,  1.01325e+00,  0.00000e+00}
      ref-p[    2]={ 0.00000e+00,  0.00000e+00,  1.01325e+00}
   refcoord-scaling               = COM
   posres-com (3):
      posres-com[0]= 5.03177e-01
      posres-com[1]= 4.33421e-01
      posres-com[2]= 4.16235e-01
   posres-comB (3):
      posres-comB[0]= 5.03177e-01
      posres-comB[1]= 4.33421e-01
      posres-comB[2]= 4.16235e-01
   QMMM                           = false
qm-opts:
   ngQM                           = 0
   constraint-algorithm           = Lincs
   continuation                   = false
   Shake-SOR                      = false
   shake-tol                      = 0.0001
   lincs-order                    = 4
   lincs-iter                     = 1
   lincs-warnangle                = 30
   nwall                          = 0
   wall-type                      = 9-3
   wall-r-linpot                  = -1
   wall-atomtype[0]               = -1
   wall-atomtype[1]               = -1
   wall-density[0]                = 0
   wall-density[1]                = 0
   wall-ewald-zfac                = 3
   pull                           = false
   awh                            = false
   rotation                       = false
   interactiveMD                  = false
   disre                          = No
   disre-weighting                = Conservative
   disre-mixed                    = false
   dr-fc                          = 1000
   dr-tau                         = 0
   nstdisreout                    = 100
   orire-fc                       = 0
   orire-tau                      = 0
   nstorireout                    = 100
   free-energy                    = no
   cos-acceleration               = 0
   deform (3x3):
      deform[    0]={ 0.00000e+00,  0.00000e+00,  0.00000e+00}
      deform[    1]={ 0.00000e+00,  0.00000e+00,  0.00000e+00}
      deform[    2]={ 0.00000e+00,  0.00000e+00,  0.00000e+00}
   simulated-tempering            = false
   swapcoords                     = no
   userint1                       = 0
   userint2                       = 0
   userint3                       = 0
   userint4                       = 0
   userreal1                      = 0
   userreal2                      = 0
   userreal3                      = 0
   userreal4                      = 0
   applied-forces:
     electric-field:
       x:
         E0                       = 0
         omega                    = 0
         t0                       = 0
         sigma                    = 0
       y:
         E0                       = 0
         omega                    = 0
         t0                       = 0
         sigma                    = 0
       z:
         E0                       = 0
         omega                    = 0
         t0                       = 0
         sigma                    = 0
     density-guided-simulation:
       active                     = false
       group                      = protein
       similarity-measure         = inner-product
       atom-spreading-weight      = unity
       force-constant             = 1e+09
       gaussian-transform-spreading-width = 0.2
       gaussian-transform-spreading-range-in-multiples-of-width = 4
       reference-density-filename = reference.mrc
       nst                        = 1
       normalize-densities        = true
       adaptive-force-scaling     = false
       adaptive-force-scaling-time-constant = 4
       shift-vector               = 
       transformation-matrix      = 
grpopts:
   nrdf:      239225
   ref-t:         443
   tau-t:         0.1
annealing:          No
annealing-npoints:           0
   acc:	           0           0           0
   nfreeze:           N           N           N
   energygrp-flags[  0]: 0

Changing nstlist from 10 to 100, rlist from 2.01 to 2.203


Initializing Domain Decomposition on 32 ranks
Dynamic load balancing: auto
Minimum cell size due to atom displacement: 0.377 nm
NOTE: Periodic molecules are present in this system. Because of this, the domain decomposition algorithm cannot easily determine the minimum cell size that it requires for treating bonded interactions. Instead, domain decomposition will assume that half the non-bonded cut-off will be a suitable lower bound.
Minimum cell size due to bonded interactions: 1.102 nm
Maximum distance for 5 constraints, at 120 deg. angles, all-trans: 0.218 nm
Estimated maximum distance required for P-LINCS: 0.218 nm
Scaling the initial minimum size with 1/0.8 (option -dds) = 1.25
Optimizing the DD grid for 32 cells with a minimum initial size of 1.377 nm
The maximum allowed number of cells is: X 6 Y 6 Z 9
Domain decomposition grid 2 x 4 x 4, separate PME ranks 0
Domain decomposition rank 0, coordinates 0 0 0

The initial number of communication pulses is: X 1 Y 1 Z 1
The initial domain decomposition cell size is: X 4.51 nm Y 2.38 nm Z 3.23 nm

The maximum allowed distance for atoms involved in interactions is:
                 non-bonded interactions           2.203 nm
(the following are initial values, they could change due to box deformation)
            two-body bonded interactions  (-rdd)   2.203 nm
          multi-body bonded interactions  (-rdd)   2.203 nm
  atoms separated by up to 5 constraints  (-rcon)  2.382 nm

When dynamic load balancing gets turned on, these settings will change to:
The maximum number of communication pulses is: X 1 Y 2 Z 2
The minimum size for domain decomposition cells is 1.102 nm
The requested allowed shrink of DD cells (option -dds) is: 0.80
The allowed shrink of domain decomposition cells is: X 0.49 Y 0.46 Z 0.34
The maximum allowed distance for atoms involved in interactions is:
                 non-bonded interactions           2.203 nm
            two-body bonded interactions  (-rdd)   2.203 nm
          multi-body bonded interactions  (-rdd)   1.102 nm
  atoms separated by up to 5 constraints  (-rcon)  1.102 nm

Using 32 MPI threads

Non-default thread affinity set, disabling internal thread affinity

Using 1 OpenMP thread per tMPI thread

System total charge: 0.000
Reaction-Field:
epsRF = 0, rc = 2, krf = 0.0625, crf = 0.75, epsfac = 138.935
The electrostatics potential has its minimum at r = 2
Potential shift: LJ r^-12: -2.441e-04 r^-6: -1.562e-02
Generated table with 1601 data points for 1-4 COUL.
Tabscale = 500 points/nm
Generated table with 1601 data points for 1-4 LJ6.
Tabscale = 500 points/nm
Generated table with 1601 data points for 1-4 LJ12.
Tabscale = 500 points/nm
Long Range LJ corr.: <C6> 8.6554e-04


Using SIMD 4x8 nonbonded short-range kernels

Using a dual 4x8 pair-list setup updated with dynamic pruning:
  outer list: updated every 100 steps, buffer 0.203 nm, rlist 2.203 nm
  inner list: updated every   4 steps, buffer 0.003 nm, rlist 2.003 nm
At tolerance 0.001 kJ/mol/ps per atom, equivalent classical 1x1 list would be:
  outer list: updated every 100 steps, buffer 0.282 nm, rlist 2.282 nm
  inner list: updated every   4 steps, buffer 0.004 nm, rlist 2.004 nm

Using geometric Lennard-Jones combination rule

Initializing Parallel LINear Constraint Solver

++++ PLEASE READ AND CITE THE FOLLOWING REFERENCE ++++
B. Hess
P-LINCS: A Parallel Linear Constraint Solver for molecular simulation
J. Chem. Theory Comput. 4 (2008) pp. 116-122
-------- -------- --- Thank You --- -------- --------

The number of constraints is 49762
There are constraints between atoms in different decomposition domains,
will communicate selected coordinates each lincs iteration

Linking all bonded interactions to atoms


Intra-simulation communication will occur every 1 steps.

++++ PLEASE READ AND CITE THE FOLLOWING REFERENCE ++++
G. Bussi, D. Donadio and M. Parrinello
Canonical sampling through velocity rescaling
J. Chem. Phys. 126 (2007) pp. 014101
-------- -------- --- Thank You --- -------- --------

There are: 96330 Atoms
Atom distribution over 32 domains: av 3010 stddev 408 min 2149 max 3639

Constraining the starting coordinates (step 0)

Constraining the coordinates at t0-dt (step 0)
Center of mass motion removal mode is Linear
We have the following groups for center of mass motion removal:
  0:  rest
RMS relative constraint deviation after constraining: 3.76e-07
Initial temperature: 9.49004e-06 K

Started mdrun on rank 0 Tue Jun 11 11:09:39 2024

           Step           Time
              0        0.00000

   Energies (kJ/mol)
           Bond          Angle Ryckaert-Bell.          LJ-14     Coulomb-14
    1.33461e+05    3.03626e+05    1.34434e+04    9.76238e+03    1.59584e+02
        LJ (SR)  Disper. corr.   Coulomb (SR) Position Rest.      Potential
   -1.87358e+05   -3.78478e+03   -5.89235e+06    4.64837e+04   -5.57655e+06
    Kinetic En.   Total Energy  Conserved En.    Temperature Pres. DC (bar)
    6.16616e+02   -5.57594e+06   -5.57593e+06    6.20017e-01   -5.65810e+01
 Pressure (bar)   Constr. rmsd
   -3.26611e+03    1.53081e-06


DD  step 99 load imb.: force 33.4%
           Step           Time
            100        0.05000

   Energies (kJ/mol)
           Bond          Angle Ryckaert-Bell.          LJ-14     Coulomb-14
    1.36802e+05    3.05928e+05    8.92123e+03    7.29341e+03    1.65939e+02
        LJ (SR)  Disper. corr.   Coulomb (SR) Position Rest.      Potential
   -1.86609e+05   -3.79857e+03   -5.89761e+06    1.03211e+05   -5.52570e+06
    Kinetic En.   Total Energy  Conserved En.    Temperature Pres. DC (bar)
    1.33769e+05   -5.39193e+06   -5.57181e+06    1.34507e+02   -5.69938e+01
 Pressure (bar)   Constr. rmsd
   -3.12771e+03    1.62640e-06


DD  step 199 load imb.: force 36.3%

step 200 Turning on dynamic load balancing, because the performance loss due to load imbalance is 24.5 %.
           Step           Time
            200        0.10000

   Energies (kJ/mol)
           Bond          Angle Ryckaert-Bell.          LJ-14     Coulomb-14
    1.37776e+05    3.04098e+05    1.24696e+04    8.58024e+03    8.64175e+01
        LJ (SR)  Disper. corr.   Coulomb (SR) Position Rest.      Potential
   -1.88606e+05   -3.81047e+03   -5.89918e+06    8.94802e+04   -5.53911e+06
    Kinetic En.   Total Energy  Conserved En.    Temperature Pres. DC (bar)
    2.76511e+05   -5.26260e+06   -5.57569e+06    2.78036e+02   -5.73515e+01
 Pressure (bar)   Constr. rmsd
   -5.56854e+01    1.62980e-06


DD  step 299  vol min/aver 0.877  load imb.: force 62.3%
           Step           Time
            300        0.15000

   Energies (kJ/mol)
           Bond          Angle Ryckaert-Bell.          LJ-14     Coulomb-14
    1.39056e+05    3.08225e+05    1.25874e+04    8.72952e+03    9.25643e+01
        LJ (SR)  Disper. corr.   Coulomb (SR) Position Rest.      Potential
   -1.86073e+05   -3.81947e+03   -5.89856e+06    6.20983e+04   -5.55766e+06
    Kinetic En.   Total Energy  Conserved En.    Temperature Pres. DC (bar)
    3.87930e+05   -5.16973e+06   -5.57957e+06    3.90070e+02   -5.76226e+01
 Pressure (bar)   Constr. rmsd
   -8.23599e+02    1.66813e-06


DD  step 399  vol min/aver 0.829  load imb.: force 34.7%
           Step           Time
            400        0.20000

   Energies (kJ/mol)
           Bond          Angle Ryckaert-Bell.          LJ-14     Coulomb-14
    1.38442e+05    3.11148e+05    1.74519e+04    1.04094e+04    3.27909e+02
        LJ (SR)  Disper. corr.   Coulomb (SR) Position Rest.      Potential
   -1.82148e+05   -3.82169e+03   -5.89442e+06    5.55459e+04   -5.54707e+06
    Kinetic En.   Total Energy  Conserved En.    Temperature Pres. DC (bar)
    4.45955e+05   -5.10112e+06   -5.58088e+06    4.48415e+02   -5.76898e+01
 Pressure (bar)   Constr. rmsd
    4.12662e+03    1.68225e-06


DD  step 499  vol min/aver 0.766  load imb.: force 19.1%
           Step           Time
            500        0.25000

   Energies (kJ/mol)
           Bond          Angle Ryckaert-Bell.          LJ-14     Coulomb-14
    1.38448e+05    3.16460e+05    2.12901e+04    1.10025e+04    4.06317e+02
        LJ (SR)  Disper. corr.   Coulomb (SR) Position Rest.      Potential
   -1.80232e+05   -3.82159e+03   -5.89086e+06    8.10565e+04   -5.50625e+06
    Kinetic En.   Total Energy  Conserved En.    Temperature Pres. DC (bar)
    4.55715e+05   -5.05053e+06   -5.58006e+06    4.58229e+02   -5.76866e+01
 Pressure (bar)   Constr. rmsd
    8.01125e+02    1.70020e-06


DD  step 599  vol min/aver 0.731  load imb.: force 14.3%
           Step           Time
            600        0.30000

   Energies (kJ/mol)
           Bond          Angle Ryckaert-Bell.          LJ-14     Coulomb-14
    1.36144e+05    3.21665e+05    2.47065e+04    1.13797e+04    5.39030e+02
        LJ (SR)  Disper. corr.   Coulomb (SR) Position Rest.      Potential
   -1.77405e+05   -3.81965e+03   -5.88811e+06    1.23328e+05   -5.45158e+06
    Kinetic En.   Total Energy  Conserved En.    Temperature Pres. DC (bar)
    4.40604e+05   -5.01097e+06   -5.57863e+06    4.43034e+02   -5.76282e+01
 Pressure (bar)   Constr. rmsd
    2.42669e+03    1.71579e-06


DD  step 699  vol min/aver 0.721  load imb.: force  9.6%
           Step           Time
            700        0.35000

   Energies (kJ/mol)
           Bond          Angle Ryckaert-Bell.          LJ-14     Coulomb-14
    1.36697e+05    3.28436e+05    2.72144e+04    1.19806e+04    4.21238e+02
        LJ (SR)  Disper. corr.   Coulomb (SR) Position Rest.      Potential
   -1.77302e+05   -3.81840e+03   -5.88713e+06    1.71131e+05   -5.39237e+06
    Kinetic En.   Total Energy  Conserved En.    Temperature Pres. DC (bar)
    4.14197e+05   -4.97817e+06   -5.57736e+06    4.16482e+02   -5.75905e+01
 Pressure (bar)   Constr. rmsd
    1.21670e+03    1.74108e-06


DD  step 799  vol min/aver 0.715  load imb.: force  6.1%
           Step           Time
            800        0.40000

   Energies (kJ/mol)
           Bond          Angle Ryckaert-Bell.          LJ-14     Coulomb-14
    1.38661e+05    3.36336e+05    2.89558e+04    1.22746e+04    4.08139e+02
        LJ (SR)  Disper. corr.   Coulomb (SR) Position Rest.      Potential
   -1.76227e+05   -3.81586e+03   -5.88820e+06    2.11445e+05   -5.34016e+06
    Kinetic En.   Total Energy  Conserved En.    Temperature Pres. DC (bar)
    3.90783e+05   -4.94938e+06   -5.57647e+06    3.92939e+02   -5.75139e+01
 Pressure (bar)   Constr. rmsd
   -1.85913e+02    1.75710e-06


DD  step 899  vol min/aver 0.700  load imb.: force  3.3%
           Step           Time
            900        0.45000

   Energies (kJ/mol)
           Bond          Angle Ryckaert-Bell.          LJ-14     Coulomb-14
    1.43973e+05    3.46832e+05    2.98928e+04    1.24171e+04    4.60557e+02
        LJ (SR)  Disper. corr.   Coulomb (SR) Position Rest.      Potential
   -1.75923e+05   -3.81405e+03   -5.89164e+06    2.46649e+05   -5.29116e+06
    Kinetic En.   Total Energy  Conserved En.    Temperature Pres. DC (bar)
    3.65324e+05   -4.92583e+06   -5.57583e+06    3.67339e+02   -5.74594e+01
 Pressure (bar)   Constr. rmsd
    9.54787e+02    1.76011e-06


DD  step 999  vol min/aver 0.689  load imb.: force  3.5%
           Step           Time
           1000        0.50000

   Energies (kJ/mol)
           Bond          Angle Ryckaert-Bell.          LJ-14     Coulomb-14
    1.49074e+05    3.55642e+05    3.12883e+04    1.23745e+04    5.20719e+02
        LJ (SR)  Disper. corr.   Coulomb (SR) Position Rest.      Potential
   -1.74012e+05   -3.81064e+03   -5.89559e+06    2.70990e+05   -5.25353e+06
    Kinetic En.   Total Energy  Conserved En.    Temperature Pres. DC (bar)
    3.50042e+05   -4.90349e+06   -5.57548e+06    3.51973e+02   -5.73567e+01
 Pressure (bar)   Constr. rmsd
   -1.15140e+03    1.77715e-06


DD  step 1099  vol min/aver 0.679  load imb.: force  3.8%
           Step           Time
           1100        0.55000

   Energies (kJ/mol)
           Bond          Angle Ryckaert-Bell.          LJ-14     Coulomb-14
    1.52712e+05    3.64805e+05    3.23091e+04    1.27558e+04    6.30767e+02
        LJ (SR)  Disper. corr.   Coulomb (SR) Position Rest.      Potential
   -1.73550e+05   -3.80646e+03   -5.89912e+06    2.88460e+05   -5.22481e+06
    Kinetic En.   Total Energy  Conserved En.    Temperature Pres. DC (bar)
    3.40103e+05   -4.88470e+06   -5.57527e+06    3.41980e+02   -5.72309e+01
 Pressure (bar)   Constr. rmsd
    3.27923e+02    1.78818e-06


DD  step 1199  vol min/aver 0.670  load imb.: force  3.2%
           Step           Time
           1200        0.60000

   Energies (kJ/mol)
           Bond          Angle Ryckaert-Bell.          LJ-14     Coulomb-14
    1.54880e+05    3.71785e+05    3.34696e+04    1.29393e+04    4.87805e+02
        LJ (SR)  Disper. corr.   Coulomb (SR) Position Rest.      Potential
   -1.72437e+05   -3.80251e+03   -5.90189e+06    2.99993e+05   -5.20457e+06
    Kinetic En.   Total Energy  Conserved En.    Temperature Pres. DC (bar)
    3.37555e+05   -4.86702e+06   -5.57483e+06    3.39417e+02   -5.71122e+01
 Pressure (bar)   Constr. rmsd
   -7.53952e+02    1.78924e-06


DD  step 1299  vol min/aver 0.663  load imb.: force  2.9%
           Step           Time
           1300        0.65000

   Energies (kJ/mol)
           Bond          Angle Ryckaert-Bell.          LJ-14     Coulomb-14
    1.57141e+05    3.77608e+05    3.38320e+04    1.28891e+04    5.13175e+02
        LJ (SR)  Disper. corr.   Coulomb (SR) Position Rest.      Potential
   -1.71805e+05   -3.79714e+03   -5.90437e+06    3.02464e+05   -5.19552e+06
    Kinetic En.   Total Energy  Conserved En.    Temperature Pres. DC (bar)
    3.44081e+05   -4.85144e+06   -5.57446e+06    3.45979e+02   -5.69509e+01
 Pressure (bar)   Constr. rmsd
   -2.46949e+02    1.82333e-06


DD  step 1399  vol min/aver 0.659  load imb.: force  2.9%
           Step           Time
           1400        0.70000

   Energies (kJ/mol)
           Bond          Angle Ryckaert-Bell.          LJ-14     Coulomb-14
    1.59702e+05    3.79187e+05    3.47098e+04    1.29478e+04    5.67728e+02
        LJ (SR)  Disper. corr.   Coulomb (SR) Position Rest.      Potential
   -1.71766e+05   -3.79313e+03   -5.90477e+06    2.96360e+05   -5.19685e+06
    Kinetic En.   Total Energy  Conserved En.    Temperature Pres. DC (bar)
    3.57665e+05   -4.83919e+06   -5.57374e+06    3.59638e+02   -5.68310e+01
 Pressure (bar)   Constr. rmsd
    4.23695e+02    1.83834e-06


DD  step 1499  vol min/aver 0.649  load imb.: force  2.4%
           Step           Time
           1500        0.75000

   Energies (kJ/mol)
           Bond          Angle Ryckaert-Bell.          LJ-14     Coulomb-14
    1.58723e+05    3.79812e+05    3.55772e+04    1.29779e+04    5.46439e+02
        LJ (SR)  Disper. corr.   Coulomb (SR) Position Rest.      Potential
   -1.70900e+05   -3.78811e+03   -5.90217e+06    2.81144e+05   -5.20808e+06
    Kinetic En.   Total Energy  Conserved En.    Temperature Pres. DC (bar)
    3.79944e+05   -4.82814e+06   -5.57313e+06    3.82040e+02   -5.66804e+01
 Pressure (bar)   Constr. rmsd
   -1.12275e+03    1.83501e-06


DD  step 1599  vol min/aver 0.643  load imb.: force  2.2%
           Step           Time
           1600        0.80000

   Energies (kJ/mol)
           Bond          Angle Ryckaert-Bell.          LJ-14     Coulomb-14
    1.57700e+05    3.77244e+05    3.57198e+04    1.31927e+04    5.22691e+02
        LJ (SR)  Disper. corr.   Coulomb (SR) Position Rest.      Potential
   -1.72336e+05   -3.78531e+03   -5.89984e+06    2.58941e+05   -5.23264e+06
    Kinetic En.   Total Energy  Conserved En.    Temperature Pres. DC (bar)
    4.12083e+05   -4.82056e+06   -5.57274e+06    4.14356e+02   -5.65968e+01
 Pressure (bar)   Constr. rmsd
    1.93960e+03    1.85388e-06


DD  step 1699  vol min/aver 0.643  load imb.: force  2.5%
           Step           Time
           1700        0.85000

   Energies (kJ/mol)
           Bond          Angle Ryckaert-Bell.          LJ-14     Coulomb-14
    1.54049e+05    3.73772e+05    3.50258e+04    1.31476e+04    5.38537e+02
        LJ (SR)  Disper. corr.   Coulomb (SR) Position Rest.      Potential
   -1.72759e+05   -3.78295e+03   -5.89664e+06    2.31507e+05   -5.26514e+06
    Kinetic En.   Total Energy  Conserved En.    Temperature Pres. DC (bar)
    4.48866e+05   -4.81628e+06   -5.57267e+06    4.51342e+02   -5.65261e+01
 Pressure (bar)   Constr. rmsd
   -1.50751e+03    1.88736e-06


DD  step 1799  vol min/aver 0.637  load imb.: force  2.3%
           Step           Time
           1800        0.90000

   Energies (kJ/mol)
           Bond          Angle Ryckaert-Bell.          LJ-14     Coulomb-14
    1.50950e+05    3.68248e+05    3.45881e+04    1.31406e+04    4.53802e+02
        LJ (SR)  Disper. corr.   Coulomb (SR) Position Rest.      Potential
   -1.73565e+05   -3.78143e+03   -5.89365e+06    2.01405e+05   -5.30221e+06
    Kinetic En.   Total Energy  Conserved En.    Temperature Pres. DC (bar)
    4.85844e+05   -4.81637e+06   -5.57281e+06    4.88524e+02   -5.64809e+01
 Pressure (bar)   Constr. rmsd
    3.50457e+03    1.88080e-06


DD  step 1899  vol min/aver 0.636  load imb.: force  2.0%
           Step           Time
           1900        0.95000

   Energies (kJ/mol)
           Bond          Angle Ryckaert-Bell.          LJ-14     Coulomb-14
    1.46896e+05    3.64890e+05    3.47637e+04    1.30254e+04    4.69662e+02
        LJ (SR)  Disper. corr.   Coulomb (SR) Position Rest.      Potential
   -1.76088e+05   -3.78200e+03   -5.89026e+06    1.76655e+05   -5.33343e+06
    Kinetic En.   Total Energy  Conserved En.    Temperature Pres. DC (bar)
    5.11819e+05   -4.82161e+06   -5.57299e+06    5.14642e+02   -5.64977e+01
 Pressure (bar)   Constr. rmsd
   -1.41480e+03    1.88605e-06


DD  step 1999  vol min/aver 0.636  load imb.: force  2.8%
           Step           Time
           2000        1.00000

   Energies (kJ/mol)
           Bond          Angle Ryckaert-Bell.          LJ-14     Coulomb-14
    1.45973e+05    3.61480e+05    3.41384e+04    1.28749e+04    3.91964e+02
        LJ (SR)  Disper. corr.   Coulomb (SR) Position Rest.      Potential
   -1.76261e+05   -3.78154e+03   -5.88749e+06    1.67305e+05   -5.34536e+06
    Kinetic En.   Total Energy  Conserved En.    Temperature Pres. DC (bar)
    5.21088e+05   -4.82428e+06   -5.57270e+06    5.23962e+02   -5.64840e+01
 Pressure (bar)   Constr. rmsd
    2.91578e+03    1.89962e-06


DD  step 2099  vol min/aver 0.639  load imb.: force  3.2%
           Step           Time
           2100        1.05000

   Energies (kJ/mol)
           Bond          Angle Ryckaert-Bell.          LJ-14     Coulomb-14
    1.46552e+05    3.59906e+05    3.39492e+04    1.27265e+04    4.56355e+02
        LJ (SR)  Disper. corr.   Coulomb (SR) Position Rest.      Potential
   -1.75761e+05   -3.78440e+03   -5.88742e+06    1.85251e+05   -5.32812e+06
    Kinetic En.   Total Energy  Conserved En.    Temperature Pres. DC (bar)
    4.99713e+05   -4.82841e+06   -5.57159e+06    5.02470e+02   -5.65696e+01
 Pressure (bar)   Constr. rmsd
   -4.26000e+02    1.89573e-06


DD  step 2199  vol min/aver 0.642  load imb.: force  2.2%
           Step           Time
           2200        1.10000

   Energies (kJ/mol)
           Bond          Angle Ryckaert-Bell.          LJ-14     Coulomb-14
    1.46919e+05    3.59251e+05    3.43087e+04    1.29270e+04    3.43300e+02
        LJ (SR)  Disper. corr.   Coulomb (SR) Position Rest.      Potential
   -1.75680e+05   -3.78369e+03   -5.88680e+06    2.29036e+05   -5.28348e+06
    Kinetic En.   Total Energy  Conserved En.    Temperature Pres. DC (bar)
    4.51277e+05   -4.83220e+06   -5.56995e+06    4.53767e+02   -5.65482e+01
 Pressure (bar)   Constr. rmsd
   -4.99186e+02    1.91233e-06


DD  step 2299  vol min/aver 0.646  load imb.: force  2.3%
           Step           Time
           2300        1.15000

   Energies (kJ/mol)
           Bond          Angle Ryckaert-Bell.          LJ-14     Coulomb-14
    1.47058e+05    3.61847e+05    3.37920e+04    1.25963e+04    4.95545e+02
        LJ (SR)  Disper. corr.   Coulomb (SR) Position Rest.      Potential
   -1.72336e+05   -3.78747e+03   -5.88832e+06    2.73576e+05   -5.23507e+06
    Kinetic En.   Total Energy  Conserved En.    Temperature Pres. DC (bar)
    4.00490e+05   -4.83458e+06   -5.56869e+06    4.02699e+02   -5.66613e+01
 Pressure (bar)   Constr. rmsd
    4.13726e+02    1.90562e-06


DD  step 2399  vol min/aver 0.648  load imb.: force  2.3%
           Step           Time
           2400        1.20000

   Energies (kJ/mol)
           Bond          Angle Ryckaert-Bell.          LJ-14     Coulomb-14
    1.48810e+05    3.66348e+05    3.41586e+04    1.26037e+04    4.14183e+02
        LJ (SR)  Disper. corr.   Coulomb (SR) Position Rest.      Potential
   -1.74279e+05   -3.78816e+03   -5.88975e+06    3.00486e+05   -5.20500e+06
    Kinetic En.   Total Energy  Conserved En.    Temperature Pres. DC (bar)
    3.69911e+05   -4.83509e+06   -5.56721e+06    3.71952e+02   -5.66821e+01
 Pressure (bar)   Constr. rmsd
   -3.96014e+03    1.89605e-06


DD  step 2499  vol min/aver 0.650  load imb.: force  1.6%
           Step           Time
           2500        1.25000

   Energies (kJ/mol)
           Bond          Angle Ryckaert-Bell.          LJ-14     Coulomb-14
    1.51813e+05    3.71776e+05    3.41419e+04    1.27763e+04    3.96270e+02
        LJ (SR)  Disper. corr.   Coulomb (SR) Position Rest.      Potential
   -1.71308e+05   -3.79135e+03   -5.89267e+06    2.86952e+05   -5.20991e+06
    Kinetic En.   Total Energy  Conserved En.    Temperature Pres. DC (bar)
    3.77146e+05   -4.83277e+06   -5.56658e+06    3.79226e+02   -5.67775e+01
 Pressure (bar)   Constr. rmsd
    1.10726e+03    1.91754e-06


DD  step 2599  vol min/aver 0.654  load imb.: force  1.6%
           Step           Time
           2600        1.30000

   Energies (kJ/mol)
           Bond          Angle Ryckaert-Bell.          LJ-14     Coulomb-14
    1.55150e+05    3.78618e+05    3.40083e+04    1.31683e+04    2.60702e+02
        LJ (SR)  Disper. corr.   Coulomb (SR) Position Rest.      Potential
   -1.72217e+05   -3.79065e+03   -5.89421e+06    2.73811e+05   -5.21521e+06
    Kinetic En.   Total Energy  Conserved En.    Temperature Pres. DC (bar)
    3.88525e+05   -4.82668e+06   -5.56590e+06    3.90669e+02   -5.67564e+01
 Pressure (bar)   Constr. rmsd
   -3.02148e+03    1.93816e-06


DD  step 2699  vol min/aver 0.657  load imb.: force  1.8%
           Step           Time
           2700        1.35000

   Energies (kJ/mol)
           Bond          Angle Ryckaert-Bell.          LJ-14     Coulomb-14
    1.57509e+05    3.86259e+05    3.34044e+04    1.31742e+04    3.47327e+02
        LJ (SR)  Disper. corr.   Coulomb (SR) Position Rest.      Potential
   -1.69794e+05   -3.79275e+03   -5.89570e+06    2.66311e+05   -5.21228e+06
    Kinetic En.   Total Energy  Conserved En.    Temperature Pres. DC (bar)
    3.92130e+05   -4.82015e+06   -5.56541e+06    3.94293e+02   -5.68194e+01
 Pressure (bar)   Constr. rmsd
    1.26985e+03    1.93629e-06


DD  step 2799  vol min/aver 0.658  load imb.: force  1.4%
           Step           Time
           2800        1.40000

   Energies (kJ/mol)
           Bond          Angle Ryckaert-Bell.          LJ-14     Coulomb-14
    1.58307e+05    3.91363e+05    3.43659e+04    1.26660e+04    3.69874e+02
        LJ (SR)  Disper. corr.   Coulomb (SR) Position Rest.      Potential
   -1.68845e+05   -3.79254e+03   -5.89545e+06    2.56999e+05   -5.21402e+06
    Kinetic En.   Total Energy  Conserved En.    Temperature Pres. DC (bar)
    4.01423e+05   -4.81260e+06   -5.56487e+06    4.03637e+02   -5.68132e+01
 Pressure (bar)   Constr. rmsd
   -3.70188e+03    1.94536e-06


DD  step 2899  vol min/aver 0.658  load imb.: force  1.3%
           Step           Time
           2900        1.45000

   Energies (kJ/mol)
           Bond          Angle Ryckaert-Bell.          LJ-14     Coulomb-14
    1.60412e+05    3.94947e+05    3.42416e+04    1.28394e+04    3.57098e+02
        LJ (SR)  Disper. corr.   Coulomb (SR) Position Rest.      Potential
   -1.69055e+05   -3.79597e+03   -5.89697e+06    2.24603e+05   -5.24242e+06
    Kinetic En.   Total Energy  Conserved En.    Temperature Pres. DC (bar)
    4.38154e+05   -4.80427e+06   -5.56472e+06    4.40571e+02   -5.69159e+01
 Pressure (bar)   Constr. rmsd
    5.02191e+03    1.95666e-06


DD  step 2999  vol min/aver 0.659  load imb.: force  1.0%
           Step           Time
           3000        1.50000

Writing checkpoint, step 3000 at Tue Jun 11 11:10:17 2024


   Energies (kJ/mol)
           Bond          Angle Ryckaert-Bell.          LJ-14     Coulomb-14
    1.59818e+05    3.96063e+05    3.39440e+04    1.29403e+04    3.74288e+02
        LJ (SR)  Disper. corr.   Coulomb (SR) Position Rest.      Potential
   -1.70803e+05   -3.79596e+03   -5.89539e+06    1.87683e+05   -5.27916e+06
    Kinetic En.   Total Energy  Conserved En.    Temperature Pres. DC (bar)
    4.80947e+05   -4.79822e+06   -5.56470e+06    4.83601e+02   -5.69158e+01
 Pressure (bar)   Constr. rmsd
   -6.50324e+03    1.96236e-06


Energy conservation over simulation part #1 of length 1.5 ns, time 0 to 1.5 ns
  Conserved energy drift: 7.77e-02 kJ/mol/ps per atom


	<======  ###############  ==>
	<====  A V E R A G E S  ====>
	<==  ###############  ======>

	Statistics over 3001 steps using 31 frames

   Energies (kJ/mol)
           Bond          Angle Ryckaert-Bell.          LJ-14     Coulomb-14
    1.48374e+05    3.55600e+05    2.94410e+04    1.20811e+04    4.04062e+02
        LJ (SR)  Disper. corr.   Coulomb (SR) Position Rest.      Potential
   -1.75595e+05   -3.79802e+03   -5.89440e+06    2.08076e+05   -5.31982e+06
    Kinetic En.   Total Energy  Conserved En.    Temperature Pres. DC (bar)
    3.87104e+05   -4.93272e+06   -5.57267e+06    3.89239e+02   -5.69782e+01
 Pressure (bar)   Constr. rmsd
   -1.71550e+02    0.00000e+00

          Box-X          Box-Y          Box-Z
    9.01738e+00    9.51779e+00    1.28993e+01

   Total Virial (kJ/mol)
    1.89791e+05   -3.66334e+04    9.47540e+02
   -3.66333e+04    1.97662e+05    9.12718e+02
    9.47681e+02    9.12743e+02    1.69906e+04

   Pressure (bar)
   -1.41439e+03    3.35071e+03    1.03162e+03
    3.35071e+03   -2.18080e+03    8.23562e+02
    1.03161e+03    8.23562e+02    3.08054e+03


	M E G A - F L O P S   A C C O U N T I N G

 NB=Group-cutoff nonbonded kernels    NxN=N-by-N cluster Verlet kernels
 RF=Reaction-Field  VdW=Van der Waals  QSTab=quadratic-spline table
 W3=SPC/TIP3p  W4=TIP4p (single or pairs)
 V&F=Potential and force  V=Potential only  F=Force only

 Computing:                               M-Number         M-Flops  % Flops
-----------------------------------------------------------------------------
 Pair Search distance check            3767.187688       33904.689     0.1
 NxN RF Elec. + LJ [F]               877741.940592    33354193.742    95.7
 NxN RF Elec. + LJ [V&F]               9160.285328      494655.408     1.4
 NxN LJ [F]                              24.932160         822.761     0.0
 NxN LJ [V&F]                             0.252416          10.854     0.0
 NxN RF Electrostatics [F]            17581.378320      545022.728     1.6
 NxN RF Electrostatics [V&F]            183.590736        6609.266     0.0
 1,4 nonbonded interactions            1454.284600      130885.614     0.4
 Reset In Box                             2.986230           8.959     0.0
 CG-CoM                                   3.082560           9.248     0.0
 Bonds                                  152.750900        9012.303     0.0
 Angles                                 560.598804       94180.599     0.3
 RB-Dihedrals                           552.784200      136537.697     0.4
 Pos. Restr.                              0.015005           0.750     0.0
 Virial                                 293.407770        5281.340     0.0
 Stop-CM                                  0.192660           1.927     0.0
 P-Coupling                             289.086330        1734.518     0.0
 Calc-Ekin                              289.182660        7807.932     0.0
 Lincs                                  164.589081        9875.345     0.0
 Lincs-Mat                             1239.402384        4957.610     0.0
 Constraint-V                           329.068854        2961.620     0.0
 Constraint-Vir                         164.479773        3947.515     0.0
-----------------------------------------------------------------------------
 Total                                                34842422.424   100.0
-----------------------------------------------------------------------------


    D O M A I N   D E C O M P O S I T I O N   S T A T I S T I C S

 av. #atoms communicated per step for force:  2 x 364939.7
 av. #atoms communicated per step for LINCS:  2 x 8087.6


Dynamic load balancing report:
 DLB was turned on during the run due to measured imbalance.
 Average load imbalance: 8.8%.
 The balanceable part of the MD step is 87%, load imbalance is computed from this.
 Part of the total run time spent waiting due to load imbalance: 7.7%.
 Steps where the load balancing was limited by -rdd, -rcon and/or -dds: X 0 % Y 0 % Z 0 %

NOTE: 7.7 % of the available CPU time was lost due to load imbalance
      in the domain decomposition.
      You can consider manually changing the decomposition (option -dd);
      e.g. by using fewer domains along the box dimension in which there is
      considerable inhomogeneity in the simulated system.

     R E A L   C Y C L E   A N D   T I M E   A C C O U N T I N G

On 32 MPI ranks

 Computing:          Num   Num      Call    Wall time         Giga-Cycles
                     Ranks Threads  Count      (s)         total sum    %
-----------------------------------------------------------------------------
 Domain decomp.        32    1         31       0.263         16.812   0.7
 DD comm. load         32    1         30       0.000          0.019   0.0
 DD comm. bounds       32    1         29       0.004          0.232   0.0
 Neighbor search       32    1         31       0.517         33.017   1.3
 Comm. coord.          32    1       2970       0.559         35.696   1.5
 Force                 32    1       3001      32.033       2046.238  83.4
 Wait + Comm. F        32    1       3001       3.118        199.174   8.1
 NB X/F buffer ops.    32    1       8941       0.250         15.941   0.6
 Write traj.           32    1          7       0.017          1.118   0.0
 Update                32    1       3001       0.034          2.199   0.1
 Constraints           32    1       3003       1.003         64.083   2.6
 Comm. energies        32    1       3001       0.424         27.065   1.1
 Rest                                           0.185         11.832   0.5
-----------------------------------------------------------------------------
 Total                                         38.407       2453.426 100.0
-----------------------------------------------------------------------------

               Core t (s)   Wall t (s)        (%)
       Time:     1229.001       38.407     3199.9
                 (ns/day)    (hour/ns)
Performance:        3.375        7.110
Finished mdrun on rank 0 Tue Jun 11 11:10:18 2024

